This file contains any messages produced by compilers while
running configure, to aid debugging if configure makes a mistake.

It was created by config configure version-0.1, which was
generated by GNU Autoconf 2.69.  Invocation command line was

  $ ./configure --with-dpdk-lib=/home/bc/mtcp_orignal/scripts/..//dpdk

## --------- ##
## Platform. ##
## --------- ##

hostname = localhost.localdomain
uname -m = x86_64
uname -r = 3.10.0-229.11.1.el7.x86_64
uname -s = Linux
uname -v = #1 SMP Thu Aug 6 01:06:18 UTC 2015

/usr/bin/uname -p = x86_64
/bin/uname -X     = unknown

/bin/arch              = x86_64
/usr/bin/arch -k       = unknown
/usr/convex/getsysinfo = unknown
/usr/bin/hostinfo      = unknown
/bin/machine           = unknown
/usr/bin/oslevel       = unknown
/bin/universe          = unknown

PATH: /usr/local/bin
PATH: /usr/bin
PATH: /home/bc/bin
PATH: /usr/local/sbin
PATH: /usr/sbin


## ----------- ##
## Core tests. ##
## ----------- ##

configure:2027: checking for gcc
configure:2043: found /usr/bin/gcc
configure:2054: result: gcc
configure:2283: checking for C compiler version
configure:2292: gcc --version >&5
gcc (GCC) 4.8.3 20140911 (Red Hat 4.8.3-9)
Copyright (C) 2013 Free Software Foundation, Inc.
This is free software; see the source for copying conditions.  There is NO
warranty; not even for MERCHANTABILITY or FITNESS FOR A PARTICULAR PURPOSE.

configure:2303: $? = 0
configure:2292: gcc -v >&5
Using built-in specs.
COLLECT_GCC=gcc
COLLECT_LTO_WRAPPER=/usr/libexec/gcc/x86_64-redhat-linux/4.8.3/lto-wrapper
Target: x86_64-redhat-linux
Configured with: ../configure --prefix=/usr --mandir=/usr/share/man --infodir=/usr/share/info --with-bugurl=http://bugzilla.redhat.com/bugzilla --enable-bootstrap --enable-shared --enable-threads=posix --enable-checking=release --with-system-zlib --enable-__cxa_atexit --disable-libunwind-exceptions --enable-gnu-unique-object --enable-linker-build-id --with-linker-hash-style=gnu --enable-languages=c,c++,objc,obj-c++,java,fortran,ada,go,lto --enable-plugin --enable-initfini-array --disable-libgcj --with-isl=/builddir/build/BUILD/gcc-4.8.3-20140911/obj-x86_64-redhat-linux/isl-install --with-cloog=/builddir/build/BUILD/gcc-4.8.3-20140911/obj-x86_64-redhat-linux/cloog-install --enable-gnu-indirect-function --with-tune=generic --with-arch_32=x86-64 --build=x86_64-redhat-linux
Thread model: posix
gcc version 4.8.3 20140911 (Red Hat 4.8.3-9) (GCC) 
configure:2303: $? = 0
configure:2292: gcc -V >&5
gcc: error: unrecognized command line option '-V'
gcc: fatal error: no input files
compilation terminated.
configure:2303: $? = 4
configure:2292: gcc -qversion >&5
gcc: error: unrecognized command line option '-qversion'
gcc: fatal error: no input files
compilation terminated.
configure:2303: $? = 4
configure:2323: checking whether the C compiler works
configure:2345: gcc    conftest.c  >&5
configure:2349: $? = 0
configure:2397: result: yes
configure:2400: checking for C compiler default output file name
configure:2402: result: a.out
configure:2408: checking for suffix of executables
configure:2415: gcc -o conftest    conftest.c  >&5
configure:2419: $? = 0
configure:2441: result: 
configure:2463: checking whether we are cross compiling
configure:2471: gcc -o conftest    conftest.c  >&5
configure:2475: $? = 0
configure:2482: ./conftest
configure:2486: $? = 0
configure:2501: result: no
configure:2506: checking for suffix of object files
configure:2528: gcc -c   conftest.c >&5
configure:2532: $? = 0
configure:2553: result: o
configure:2557: checking whether we are using the GNU C compiler
configure:2576: gcc -c   conftest.c >&5
configure:2576: $? = 0
configure:2585: result: yes
configure:2594: checking whether gcc accepts -g
configure:2614: gcc -c -g  conftest.c >&5
configure:2614: $? = 0
configure:2655: result: yes
configure:2672: checking for gcc option to accept ISO C89
configure:2735: gcc  -c -g -O2  conftest.c >&5
configure:2735: $? = 0
configure:2748: result: none needed
configure:2784: checking how to run the C preprocessor
configure:2815: gcc -E  conftest.c
configure:2815: $? = 0
configure:2829: gcc -E  conftest.c
conftest.c:9:28: fatal error: ac_nonexistent.h: No such file or directory
 #include <ac_nonexistent.h>
                            ^
compilation terminated.
configure:2829: $? = 1
configure: failed program was:
| /* confdefs.h */
| #define PACKAGE_NAME "config"
| #define PACKAGE_TARNAME "config"
| #define PACKAGE_VERSION "version-0.1"
| #define PACKAGE_STRING "config version-0.1"
| #define PACKAGE_BUGREPORT ""
| #define PACKAGE_URL ""
| /* end confdefs.h.  */
| #include <ac_nonexistent.h>
configure:2854: result: gcc -E
configure:2874: gcc -E  conftest.c
configure:2874: $? = 0
configure:2888: gcc -E  conftest.c
conftest.c:9:28: fatal error: ac_nonexistent.h: No such file or directory
 #include <ac_nonexistent.h>
                            ^
compilation terminated.
configure:2888: $? = 1
configure: failed program was:
| /* confdefs.h */
| #define PACKAGE_NAME "config"
| #define PACKAGE_TARNAME "config"
| #define PACKAGE_VERSION "version-0.1"
| #define PACKAGE_STRING "config version-0.1"
| #define PACKAGE_BUGREPORT ""
| #define PACKAGE_URL ""
| /* end confdefs.h.  */
| #include <ac_nonexistent.h>
configure:2917: checking for grep that handles long lines and -e
configure:2975: result: /usr/bin/grep
configure:2980: checking for egrep
configure:3042: result: /usr/bin/grep -E
configure:3047: checking for ANSI C header files
configure:3067: gcc -c -g -O2  conftest.c >&5
configure:3067: $? = 0
configure:3140: gcc -o conftest -g -O2   conftest.c  >&5
configure:3140: $? = 0
configure:3140: ./conftest
configure:3140: $? = 0
configure:3151: result: yes
configure:3164: checking for sys/types.h
configure:3164: gcc -c -g -O2  conftest.c >&5
configure:3164: $? = 0
configure:3164: result: yes
configure:3164: checking for sys/stat.h
configure:3164: gcc -c -g -O2  conftest.c >&5
configure:3164: $? = 0
configure:3164: result: yes
configure:3164: checking for stdlib.h
configure:3164: gcc -c -g -O2  conftest.c >&5
configure:3164: $? = 0
configure:3164: result: yes
configure:3164: checking for string.h
configure:3164: gcc -c -g -O2  conftest.c >&5
configure:3164: $? = 0
configure:3164: result: yes
configure:3164: checking for memory.h
configure:3164: gcc -c -g -O2  conftest.c >&5
configure:3164: $? = 0
configure:3164: result: yes
configure:3164: checking for strings.h
configure:3164: gcc -c -g -O2  conftest.c >&5
configure:3164: $? = 0
configure:3164: result: yes
configure:3164: checking for inttypes.h
configure:3164: gcc -c -g -O2  conftest.c >&5
configure:3164: $? = 0
configure:3164: result: yes
configure:3164: checking for stdint.h
configure:3164: gcc -c -g -O2  conftest.c >&5
configure:3164: $? = 0
configure:3164: result: yes
configure:3164: checking for unistd.h
configure:3164: gcc -c -g -O2  conftest.c >&5
configure:3164: $? = 0
configure:3164: result: yes
configure:3176: checking linux/sched.h usability
configure:3176: gcc -c -g -O2  conftest.c >&5
configure:3176: $? = 0
configure:3176: result: yes
configure:3176: checking linux/sched.h presence
configure:3176: gcc -E  conftest.c
configure:3176: $? = 0
configure:3176: result: yes
configure:3176: checking for linux/sched.h
configure:3176: result: yes
configure:3183: checking pthread.h usability
configure:3183: gcc -c -g -O2  conftest.c >&5
configure:3183: $? = 0
configure:3183: result: yes
configure:3183: checking pthread.h presence
configure:3183: gcc -E  conftest.c
configure:3183: $? = 0
configure:3183: result: yes
configure:3183: checking for pthread.h
configure:3183: result: yes
configure:3190: checking numa.h usability
configure:3190: gcc -c -g -O2  conftest.c >&5
configure:3190: $? = 0
configure:3190: result: yes
configure:3190: checking numa.h presence
configure:3190: gcc -E  conftest.c
configure:3190: $? = 0
configure:3190: result: yes
configure:3190: checking for numa.h
configure:3190: result: yes
configure:3390: creating ./config.status

## ---------------------- ##
## Running config.status. ##
## ---------------------- ##

This file was extended by config config.status version-0.1, which was
generated by GNU Autoconf 2.69.  Invocation command line was

  CONFIG_FILES    = 
  CONFIG_HEADERS  = 
  CONFIG_LINKS    = 
  CONFIG_COMMANDS = 
  $ ./config.status 

on localhost.localdomain

config.status:727: creating mtcp/src/Makefile
configure:4547: creating ./config.status

## ---------------------- ##
## Running config.status. ##
## ---------------------- ##

This file was extended by config config.status version-0.1, which was
generated by GNU Autoconf 2.69.  Invocation command line was

  CONFIG_FILES    = 
  CONFIG_HEADERS  = 
  CONFIG_LINKS    = 
  CONFIG_COMMANDS = 
  $ ./config.status 

on localhost.localdomain

config.status:728: creating mtcp/src/Makefile
config.status:728: creating apps/example/Makefile

## ---------------- ##
## Cache variables. ##
## ---------------- ##

ac_cv_c_compiler_gnu=yes
ac_cv_env_CC_set=
ac_cv_env_CC_value=
ac_cv_env_CFLAGS_set=
ac_cv_env_CFLAGS_value=
ac_cv_env_CPPFLAGS_set=
ac_cv_env_CPPFLAGS_value=
ac_cv_env_CPP_set=
ac_cv_env_CPP_value=
ac_cv_env_LDFLAGS_set=
ac_cv_env_LDFLAGS_value=
ac_cv_env_LIBS_set=
ac_cv_env_LIBS_value=
ac_cv_env_build_alias_set=
ac_cv_env_build_alias_value=
ac_cv_env_host_alias_set=
ac_cv_env_host_alias_value=
ac_cv_env_target_alias_set=
ac_cv_env_target_alias_value=
ac_cv_header_inttypes_h=yes
ac_cv_header_linux_sched_h=yes
ac_cv_header_memory_h=yes
ac_cv_header_numa_h=yes
ac_cv_header_pthread_h=yes
ac_cv_header_stdc=yes
ac_cv_header_stdint_h=yes
ac_cv_header_stdlib_h=yes
ac_cv_header_string_h=yes
ac_cv_header_strings_h=yes
ac_cv_header_sys_stat_h=yes
ac_cv_header_sys_types_h=yes
ac_cv_header_unistd_h=yes
ac_cv_objext=o
ac_cv_path_EGREP='/usr/bin/grep -E'
ac_cv_path_GREP=/usr/bin/grep
ac_cv_prog_CPP='gcc -E'
ac_cv_prog_ac_ct_CC=gcc
ac_cv_prog_cc_c89=
ac_cv_prog_cc_g=yes

## ----------------- ##
## Output variables. ##
## ----------------- ##

CC='gcc'
CFLAGS='-g -O2'
CPP='gcc -E'
CPPFLAGS=''
DEFS='-DPACKAGE_NAME=\"config\" -DPACKAGE_TARNAME=\"config\" -DPACKAGE_VERSION=\"version-0.1\" -DPACKAGE_STRING=\"config\ version-0.1\" -DPACKAGE_BUGREPORT=\"\" -DPACKAGE_URL=\"\" -DSTDC_HEADERS=1 -DHAVE_SYS_TYPES_H=1 -DHAVE_SYS_STAT_H=1 -DHAVE_STDLIB_H=1 -DHAVE_STRING_H=1 -DHAVE_MEMORY_H=1 -DHAVE_STRINGS_H=1 -DHAVE_INTTYPES_H=1 -DHAVE_STDINT_H=1 -DHAVE_UNISTD_H=1'
DPDK='1'
DPDKLIBPATH='/home/bc/mtcp_orignal/scripts/..//dpdk'
ECHO_C=''
ECHO_N='-n'
ECHO_T=''
EGREP='/usr/bin/grep -E'
EXEEXT=''
GREP='/usr/bin/grep'
LDFLAGS=''
LIBOBJS=''
LIBS=''
LTLIBOBJS=''
OBJEXT='o'
PACKAGE_BUGREPORT=''
PACKAGE_NAME='config'
PACKAGE_STRING='config version-0.1'
PACKAGE_TARNAME='config'
PACKAGE_URL=''
PACKAGE_VERSION='version-0.1'
PATH_SEPARATOR=':'
PSIO='0'
PSLIBPATH=''
SHELL='/bin/sh'
ac_ct_CC='gcc'
bindir='${exec_prefix}/bin'
build_alias=''
datadir='${datarootdir}'
datarootdir='${prefix}/share'
docdir='${datarootdir}/doc/${PACKAGE_TARNAME}'
dvidir='${docdir}'
exec_prefix='${prefix}'
host_alias=''
htmldir='${docdir}'
includedir='${prefix}/include'
infodir='${datarootdir}/info'
libdir='${exec_prefix}/lib'
libexecdir='${exec_prefix}/libexec'
localedir='${datarootdir}/locale'
localstatedir='${prefix}/var'
mandir='${datarootdir}/man'
oldincludedir='/usr/include'
pdfdir='${docdir}'
prefix='/usr/local'
program_transform_name='s,x,x,'
psdir='${docdir}'
sbindir='${exec_prefix}/sbin'
sharedstatedir='${prefix}/com'
sysconfdir='${prefix}/etc'
target_alias=''

## ----------- ##
## confdefs.h. ##
## ----------- ##

/* confdefs.h */
#define PACKAGE_NAME "config"
#define PACKAGE_TARNAME "config"
#define PACKAGE_VERSION "version-0.1"
#define PACKAGE_STRING "config version-0.1"
#define PACKAGE_BUGREPORT ""
#define PACKAGE_URL ""
#define STDC_HEADERS 1
#define HAVE_SYS_TYPES_H 1
#define HAVE_SYS_STAT_H 1
#define HAVE_STDLIB_H 1
#define HAVE_STRING_H 1
#define HAVE_MEMORY_H 1
#define HAVE_STRINGS_H 1
#define HAVE_INTTYPES_H 1
#define HAVE_STDINT_H 1
#define HAVE_UNISTD_H 1

configure: exit 0
